<?xml version="1.0" encoding="UTF-8"?>
<!-- Generated by org.testng.reporters.JUnitXMLReporter -->
<testsuite hostname="DESKTOP-75016JH" name="Smoke" tests="4" failures="0" timestamp="20 Feb 2022 12:50:41 GMT" time="49.725" errors="0">
  <testcase name="wishListTest" time="8.087" classname="com.myShop.testcases.TC_MyAccountPage"/>
  <testcase name="verifyLogo" time="0.136" classname="com.myShop.testcases.TC_HomePageTest"/>
  <testcase name="verifyTitle" time="0.022" classname="com.myShop.testcases.TC_HomePageTest"/>
  <testcase name="homeLogin" time="10.573" classname="com.myShop.testcases.TC_LoginTest"/>
</testsuite> <!-- Smoke -->
