<?xml version="1.0" encoding="UTF-8"?>
<!-- Generated by org.testng.reporters.JUnitXMLReporter -->
<testsuite hostname="DESKTOP-75016JH" name="Test" tests="9" failures="0" timestamp="19 Feb 2022 08:06:20 GMT" time="257.552" errors="0">
  <testcase name="endToEndTest" time="82.263" classname="com.myShop.testcases.TC_EndToEndTest"/>
  <testcase name="verifyLogo" time="0.096" classname="com.myShop.testcases.TC_HomePageTest"/>
  <testcase name="verifyTitle" time="0.013" classname="com.myShop.testcases.TC_HomePageTest"/>
  <testcase name="homeLogin" time="17.728" classname="com.myShop.testcases.TC_LoginTest"/>
  <testcase name="orderHistoryandDetailsTest" time="7.956" classname="com.myShop.testcases.TC_MyAccountPage"/>
  <testcase name="wishListTest" time="9.066" classname="com.myShop.testcases.TC_MyAccountPage"/>
  <testcase name="productAvailabilityTest" time="11.713" classname="com.myShop.testcases.TC_SearchResultPageTest"/>
  <testcase name="verifyTotalPrice" time="28.487" classname="com.myShop.testcases.TC_OrderPage"/>
  <testcase name="addToCartTest" time="25.368" classname="com.myShop.testcases.TC_AddToCartTest"/>
</testsuite> <!-- Test -->
